<?xml version="1.0" encoding="UTF-8"?>
<testsuite xmlns:xsi="http://www.w3.org/2001/XMLSchema-instance" xsi:noNamespaceSchemaLocation="https://maven.apache.org/surefire/maven-surefire-plugin/xsd/surefire-test-report-3.0.xsd" version="3.0" name="com.music.reco.RecoBackendApplicationTests" time="11.478" tests="1" errors="0" skipped="0" failures="0">
  <properties>
[...]
</properties>
  <testcase name="contextLoads" classname="com.music.reco.RecoBackendApplicationTests" time="0.54">
    <system-out><![CDATA[17:45:27.853 [main] INFO org.springframework.test.context.support.AnnotationConfigContextLoaderUtils -- Could not detect default configuration classes for test class [com.music.reco.RecoBackendApplicationTests]: RecoBackendApplicationTests does not declare any static, non-private, non-final, nested classes annotated with @Configuration.
17:45:27.969 [main] INFO org.springframework.boot.test.context.SpringBootTestContextBootstrapper -- Found @SpringBootConfiguration com.music.reco.RecoBackendApplication for test class com.music.reco.RecoBackendApplicationTests

  .   ____          _            __ _ _
 /\\ / ___'_ __ _ _(_)_ __  __ _ \ \ \ \
( ( )\___ | '_ | '_| | '_ \/ _` | \ \ \ \
 \\/  ___)| |_)| | | | | || (_| |  ) ) ) )
  '  |____| .__|_| |_|_| |_\__, | / / / /
 =========|_|==============|___/=/_/_/_/

 :: Spring Boot ::                (v3.3.4)

2026-05-20T17:45:28.407+08:00  INFO 94316 --- [reco-backend] [           main] c.m.reco.RecoBackendApplicationTests     : Starting RecoBackendApplicationTests using Java 21.0.7 with PID 94316 (started by LIUHENGRU in C:\Users\LIUHENGRU\Desktop\design-new\backend)
2026-05-20T17:45:28.409+08:00  INFO 94316 --- [reco-backend] [           main] c.m.reco.RecoBackendApplicationTests     : No active profile set, falling back to 1 default profile: "default"
2026-05-20T17:45:30.004+08:00  INFO 94316 --- [reco-backend] [           main] .s.d.r.c.RepositoryConfigurationDelegate : Bootstrapping Spring Data JPA repositories in DEFAULT mode.
2026-05-20T17:45:30.168+08:00  INFO 94316 --- [reco-backend] [           main] .s.d.r.c.RepositoryConfigurationDelegate : Finished Spring Data repository scanning in 148 ms. Found 5 JPA repository interfaces.
2026-05-20T17:45:31.623+08:00  INFO 94316 --- [reco-backend] [           main] o.hibernate.jpa.internal.util.LogHelper  : HHH000204: Processing PersistenceUnitInfo [name: default]
2026-05-20T17:45:31.714+08:00  INFO 94316 --- [reco-backend] [           main] org.hibernate.Version                    : HHH000412: Hibernate ORM core version 6.5.3.Final
2026-05-20T17:45:31.760+08:00  INFO 94316 --- [reco-backend] [           main] o.h.c.internal.RegionFactoryInitiator    : HHH000026: Second-level cache disabled
2026-05-20T17:45:32.018+08:00  INFO 94316 --- [reco-backend] [           main] o.s.o.j.p.SpringPersistenceUnitInfo      : No LoadTimeWeaver setup: ignoring JPA class transformer
2026-05-20T17:45:32.040+08:00  INFO 94316 --- [reco-backend] [           main] com.zaxxer.hikari.HikariDataSource       : HikariPool-1 - Starting...
2026-05-20T17:45:32.163+08:00  INFO 94316 --- [reco-backend] [           main] com.zaxxer.hikari.pool.HikariPool        : HikariPool-1 - Added connection com.mysql.cj.jdbc.ConnectionImpl@19f1f330
2026-05-20T17:45:32.164+08:00  INFO 94316 --- [reco-backend] [           main] com.zaxxer.hikari.HikariDataSource       : HikariPool-1 - Start completed.
2026-05-20T17:45:32.208+08:00  WARN 94316 --- [reco-backend] [           main] org.hibernate.orm.deprecation            : HHH90000025: MySQLDialect does not need to be specified explicitly using 'hibernate.dialect' (remove the property setting and it will be selected by default)
2026-05-20T17:45:33.017+08:00  INFO 94316 --- [reco-backend] [           main] o.h.e.t.j.p.i.JtaPlatformInitiator       : HHH000489: No JTA platform available (set 'hibernate.transaction.jta.platform' to enable JTA platform integration)
2026-05-20T17:45:33.019+08:00  INFO 94316 --- [reco-backend] [           main] j.LocalContainerEntityManagerFactoryBean : Initialized JPA EntityManagerFactory for persistence unit 'default'
2026-05-20T17:45:35.510+08:00  WARN 94316 --- [reco-backend] [           main] .s.s.UserDetailsServiceAutoConfiguration : 

Using generated security password: 6fba27b5-c850-4f85-a606-e10901f26d23

This generated password is for development use only. Your security configuration must be updated before running your application in production.

2026-05-20T17:45:35.535+08:00  INFO 94316 --- [reco-backend] [           main] r$InitializeUserDetailsManagerConfigurer : Global AuthenticationManager configured with UserDetailsService bean with name inMemoryUserDetailsManager
2026-05-20T17:45:38.190+08:00  INFO 94316 --- [reco-backend] [           main] o.s.b.a.e.web.EndpointLinksResolver      : Exposing 3 endpoints beneath base path '/actuator'
2026-05-20T17:45:38.369+08:00  INFO 94316 --- [reco-backend] [           main] c.m.reco.RecoBackendApplicationTests     : Started RecoBackendApplicationTests in 10.26 seconds (process running for 11.298)
2026-05-20T17:45:38.536+08:00  INFO 94316 --- [reco-backend] [           main] c.m.r.c.DaypartPlaylistWarmupRunner      : daypart warmup enqueued userCount=3 users=[u_7d9829823d4f41fa, u_e9275f46fd9547d2, u_d37892b681e744ad]
2026-05-20T17:45:38.537+08:00  INFO 94316 --- [reco-backend] [neration-worker] r.s.DaypartPlaylistGenerationCoordinator : daypart queue start requestId=daypart-async-1779270338537 userId=u_7d9829823d4f41fa scene=default emotion=neutral trigger=startup-warmup
2026-05-20T17:45:38.574+08:00  INFO 94316 --- [reco-backend] [neration-worker] .r.s.TimeSlotPlaylistOrchestratorService : daypart build start requestId=daypart-async-1779270338537 userId=u_7d9829823d4f41fa scene=default emotion=neutral limit=10
2026-05-20T17:45:38.594+08:00  INFO 94316 --- [reco-backend] [           main] m.r.r.s.DaypartPreferenceSnapshotService : daypart preference snapshot fresh trigger=startup maxAgeSeconds=259200
2026-05-20T17:45:38.610+08:00  INFO 94316 --- [reco-backend] [neration-worker] .r.s.TimeSlotPlaylistOrchestratorService : daypart mcp primary query requestId=daypart-async-1779270338537 key=morning userContext=playCount30d=14, skipRate30d=0.0000, feedbackCount=11, positiveFeedback=9, negativeFeedback=7, topGenres=[治愈, 其他风格, 忧郁], topArtists=[颜人中, 袁娅维, 杨和苏KeyNG], globalTimeSlotGenres={afternoon=[怀旧, 欢快, 思念], evening=[怀旧, 思念, 欢快], midnight=[怀旧, 思念, 欢快], morning=[怀旧, 欢快, 思念]}, globalTimeSlotArtists={afternoon=[宝宝巴士, 颜人中, 袁娅维], evening=[宝宝巴士, 王泽科, 新旭], midnight=[薛之谦, 王菲, 妖姬], morning=[卫兰, 丁当, 杨千嬅]} args=similarTo=[颜人中 - 追风], genres=[nostalgic, pop, ambient], secondaryGenres=[], descriptors=[focused, calm, steady, exciting], minRating=3.4, maxResults=30, hybridWeight=0.6507999999999999
2026-05-20T17:45:38.610+08:00  INFO 94316 --- [reco-backend] [neration-worker] .r.s.TimeSlotPlaylistOrchestratorService : daypart mcp recall request requestId=daypart-async-1779270338537 key=morning stage=primary args=similarTo=[颜人中 - 追风], genres=[nostalgic, pop, ambient], secondaryGenres=[], descriptors=[focused, calm, steady, exciting], minRating=3.4, maxResults=30, hybridWeight=0.6507999999999999
2026-05-20T17:45:38.754+08:00  INFO 94316 --- [reco-backend] [neration-worker] c.m.reco.mcp.client.WebClientMcpClient   : mcp tool response tool=get_recommendations stdoutLength=21044
]]></system-out>
    <system-err><![CDATA[WARNING: A Java agent has been loaded dynamically (C:\Users\LIUHENGRU\.m2\repository\net\bytebuddy\byte-buddy-agent\1.14.19\byte-buddy-agent-1.14.19.jar)
WARNING: If a serviceability tool is in use, please run with -XX:+EnableDynamicAgentLoading to hide this warning
WARNING: If a serviceability tool is not in use, please run with -Djdk.instrument.traceUsage for more information
WARNING: Dynamic loading of agents will be disallowed by default in a future release
]]></system-err>
  </testcase>
</testsuite>